app/build/outputs/logs/manifest-merger-debug-report.txt
-- Merging decision tree log ---
manifest
ADDED from src\main\AndroidManifest.xml:2:1-73:12
	package
		ADDED from src\main\AndroidManifest.xml:3:5-34
		INJECTED from src\main\AndroidManifest.xml
		INJECTED from src\main\AndroidManifest.xml
	android:versionName
		ADDED from src\main\AndroidManifest.xml:5:5-30
		INJECTED from src\main\AndroidManifest.xml
		INJECTED from src\main\AndroidManifest.xml
	android:versionCode
		ADDED from src\main\AndroidManifest.xml:4:5-28
		INJECTED from src\main\AndroidManifest.xml
		INJECTED from src\main\AndroidManifest.xml
	xmlns:android
		ADDED from src\main\AndroidManifest.xml:2:11-69
uses-sdk
ADDED from src\main\AndroidManifest.xml:7:5-9:41
	android:targetSdkVersion
		ADDED from src\main\AndroidManifest.xml:9:9-38
		INJECTED from src\main\AndroidManifest.xml
		INJECTED from src\main\AndroidManifest.xml
	android:minSdkVersion
		ADDED from src\main\AndroidManifest.xml:8:9-35
		INJECTED from src\main\AndroidManifest.xml
		INJECTED from src\main\AndroidManifest.xml
uses-permission#android.permission.MOUNT_UNMOUNT_FILESYSTEMS
ADDED from src\main\AndroidManifest.xml:11:5-83
	android:name
		ADDED from src\main\AndroidManifest.xml:11:22-81
uses-permission#android.permission.WRITE_EXTERNAL_STORAGE
ADDED from src\main\AndroidManifest.xml:12:2-77
	android:name
		ADDED from src\main\AndroidManifest.xml:12:19-75
uses-permission#android.permission.RECORD_AUDIO
ADDED from src\main\AndroidManifest.xml:13:2-67
	android:name
		ADDED from src\main\AndroidManifest.xml:13:19-65
uses-permission#android.permission.INTERNET
ADDED from src\main\AndroidManifest.xml:14:2-63
	android:name
		ADDED from src\main\AndroidManifest.xml:14:19-61
uses-permission#android.permission.VIBRATE
ADDED from src\main\AndroidManifest.xml:15:2-79
	android:name
		ADDED from src\main\AndroidManifest.xml:15:19-60
application
ADDED from src\main\AndroidManifest.xml:17:5-71:19
	android:label
		ADDED from src\main\AndroidManifest.xml:21:9-41
	android:allowBackup
		ADDED from src\main\AndroidManifest.xml:19:9-35
	android:icon
		ADDED from src\main\AndroidManifest.xml:20:9-45
	android:theme
		ADDED from src\main\AndroidManifest.xml:22:9-62
	android:name
		ADDED from src\main\AndroidManifest.xml:18:9-57
activity#com.example.activity.MusicActivityMain
ADDED from src\main\AndroidManifest.xml:24:9-34:20
	android:label
		ADDED from src\main\AndroidManifest.xml:26:13-45
	android:launchMode
		ADDED from src\main\AndroidManifest.xml:28:13-44
	android:windowSoftInputMode
		ADDED from src\main\AndroidManifest.xml:27:13-52
	android:name
		ADDED from src\main\AndroidManifest.xml:25:13-66
intent-filter#android.intent.action.MAIN+android.intent.category.LAUNCHER
ADDED from src\main\AndroidManifest.xml:30:13-33:29
action#android.intent.action.MAIN
ADDED from src\main\AndroidManifest.xml:31:17-69
	android:name
		ADDED from src\main\AndroidManifest.xml:31:25-66
category#android.intent.category.LAUNCHER
ADDED from src\main\AndroidManifest.xml:32:17-77
	android:name
		ADDED from src\main\AndroidManifest.xml:32:27-74
activity#com.example.activity.MusicActivityPlay
ADDED from src\main\AndroidManifest.xml:35:9-41:20
	android:label
		ADDED from src\main\AndroidManifest.xml:37:13-45
	android:launchMode
		ADDED from src\main\AndroidManifest.xml:39:13-44
	android:windowSoftInputMode
		ADDED from src\main\AndroidManifest.xml:38:13-52
	android:name
		ADDED from src\main\AndroidManifest.xml:36:13-66
activity#com.example.activity.MusicActivityScan
ADDED from src\main\AndroidManifest.xml:42:9-47:20
	android:label
		ADDED from src\main\AndroidManifest.xml:44:13-45
	android:launchMode
		ADDED from src\main\AndroidManifest.xml:45:13-44
	android:name
		ADDED from src\main\AndroidManifest.xml:43:13-66
receiver#com.example.receiver.MusicUpdateUtil
ADDED from src\main\AndroidManifest.xml:48:9-55:20
	android:exported
		ADDED from src\main\AndroidManifest.xml:50:13-37
	android:name
		ADDED from src\main\AndroidManifest.xml:49:13-64
intent-filter#kugoumusic.ACTION_WIDGET
ADDED from src\main\AndroidManifest.xml:52:13-54:29
action#kugoumusic.ACTION_WIDGET
ADDED from src\main\AndroidManifest.xml:53:17-66
	android:name
		ADDED from src\main\AndroidManifest.xml:53:25-64
receiver#com.example.receiver.MusicUpdateWidget
ADDED from src\main\AndroidManifest.xml:56:9-69:20
	android:label
		ADDED from src\main\AndroidManifest.xml:58:13-34
	android:exported
		ADDED from src\main\AndroidManifest.xml:59:13-37
	android:icon
		ADDED from src\main\AndroidManifest.xml:60:13-49
	android:name
		ADDED from src\main\AndroidManifest.xml:57:13-66
meta-data#android.appwidget.provider
ADDED from src\main\AndroidManifest.xml:62:13-63:54
	android:resource
		ADDED from src\main\AndroidManifest.xml:63:17-52
	android:name
		ADDED from src\main\AndroidManifest.xml:62:24-65
intent-filter#android.appwidget.action.APPWIDGET_UPDATE+kugoumusic.WIDGET_SEEK+kugoumusic.WIDGET_STATUS
ADDED from src\main\AndroidManifest.xml:64:13-68:29
action#kugoumusic.WIDGET_STATUS
ADDED from src\main\AndroidManifest.xml:65:17-66
	android:name
		ADDED from src\main\AndroidManifest.xml:65:25-64
action#kugoumusic.WIDGET_SEEK
ADDED from src\main\AndroidManifest.xml:66:17-64
	android:name
		ADDED from src\main\AndroidManifest.xml:66:25-62
action#android.appwidget.action.APPWIDGET_UPDATE
ADDED from src\main\AndroidManifest.xml:67:17-84
	android:name
		ADDED from src\main\AndroidManifest.xml:67:25-81
service#com.example.service.MusicService
ADDED from src\main\AndroidManifest.xml:70:9-102
	android:process
		ADDED from src\main\AndroidManifest.xml:70:66-91
	android:name
		ADDED from src\main\AndroidManifest.xml:70:18-65